/usr/lib/python2.7/dist-packages/sklearn/base.py:315: UserWarning: Trying to unpickle estimator SVC from version 0.19.0 when using version 0.18. This might lead to breaking code or invalid results. Use at your own risk.
  UserWarning)
ParkSmart is starting up...
Now beginning to process the current ViewSet.
Views have been processed 0 times.
('writing theta angle: ', '45')
('Serial Port: ', 'Please enter pan and then tilt angle.45 degs\r\n')
('writing phi angle: ', '45')
('Serial Port: ', 'now enter tilt angle\r\n')
('writing theta angle: ', '90')
('Serial Port: ', '45 degs\r\n')
('writing phi angle: ', '60')
('Serial Port: ', 'Please enter next pan and tilt angles90 degs\r\n')
('writing theta angle: ', '135')
('Serial Port: ', 'now enter tilt angle\r\n')
('writing phi angle: ', '45')
('Serial Port: ', '60 degs\r\n')
The current state:
()
Views have been processed 1 times.
('writing theta angle: ', '45')
('Serial Port: ', 'Please enter next pan and tilt angles135 degs\r\n')
('writing phi angle: ', '45')
('Serial Port: ', 'now enter tilt angle\r\n')
('writing theta angle: ', '90')
('Serial Port: ', '45 degs\r\n')
('writing phi angle: ', '60')
('Serial Port: ', 'Please enter next pan and tilt angles45 degs\r\n')
('writing theta angle: ', '135')
('Serial Port: ', 'now enter tilt angle\r\n')
('writing phi angle: ', '45')
('Serial Port: ', '45 degs\r\n')
The current state:
()
Views have been processed 2 times.
('writing theta angle: ', '45')
('Serial Port: ', 'Please enter next pan and tilt angles90 degs\r\n')
('writing phi angle: ', '45')
('Serial Port: ', 'now enter tilt angle\r\n')
('writing theta angle: ', '90')
('Serial Port: ', '60 degs\r\n')
('writing phi angle: ', '60')
('Serial Port: ', 'Please enter next pan and tilt angles135 degs\r\n')
('writing theta angle: ', '135')
('Serial Port: ', 'now enter tilt angle\r\n')
('writing phi angle: ', '45')
('Serial Port: ', '45 degs\r\n')
The current state:
()
Views have been processed 3 times.
('writing theta angle: ', '45')
('Serial Port: ', 'Please enter next pan and tilt angles45 degs\r\n')
('writing phi angle: ', '45')
('Serial Port: ', 'now enter tilt angle\r\n')
('writing theta angle: ', '90')
('Serial Port: ', '45 degs\r\n')
('writing phi angle: ', '60')
('Serial Port: ', 'Please enter next pan and tilt angles90 degs\r\n')
('writing theta angle: ', '135')
('Serial Port: ', 'now enter tilt angle\r\n')
('writing phi angle: ', '45')
('Serial Port: ', '60 degs\r\n')
The current state:
()
Views have been processed 4 times.
('writing theta angle: ', '45')
('Serial Port: ', 'Please enter next pan and tilt angles135 degs\r\n')
('writing phi angle: ', '45')
('Serial Port: ', 'now enter tilt angle\r\n')
('writing theta angle: ', '90')
('Serial Port: ', '45 degs\r\n')
('writing phi angle: ', '60')
('Serial Port: ', 'Please enter next pan and tilt angles45 degs\r\n')
('writing theta angle: ', '135')
('Serial Port: ', 'now enter tilt angle\r\n')
('writing phi angle: ', '45')
('Serial Port: ', '45 degs\r\n')
The current state:
()
Views have been processed 5 times.
('writing theta angle: ', '45')
('Serial Port: ', 'Please enter next pan and tilt angles90 degs\r\n')
('writing phi angle: ', '45')
('Serial Port: ', 'now enter tilt angle\r\n')
('writing theta angle: ', '90')
('Serial Port: ', '60 degs\r\n')
('writing phi angle: ', '60')
('Serial Port: ', 'Please enter next pan and tilt angles135 degs\r\n')
('writing theta angle: ', '135')
('Serial Port: ', 'now enter tilt angle\r\n')
('writing phi angle: ', '45')
('Serial Port: ', '45 degs\r\n')
The current state:
()
Views have been processed 6 times.
('writing theta angle: ', '45')
('Serial Port: ', 'Please enter next pan and tilt angles45 degs\r\n')
('writing phi angle: ', '45')
('Serial Port: ', 'now enter tilt angle\r\n')
('writing theta angle: ', '90')
('Serial Port: ', '45 degs\r\n')
('writing phi angle: ', '60')
('Serial Port: ', 'Please enter next pan and tilt angles90 degs\r\n')
('writing theta angle: ', '135')
('Serial Port: ', 'now enter tilt angle\r\n')
('writing phi angle: ', '45')
('Serial Port: ', '60 degs\r\n')
The current state:
()
Views have been processed 7 times.
('writing theta angle: ', '45')
('Serial Port: ', 'Please enter next pan and tilt angles135 degs\r\n')
('writing phi angle: ', '45')
('Serial Port: ', 'now enter tilt angle\r\n')
('writing theta angle: ', '90')
('Serial Port: ', '45 degs\r\n')
('writing phi angle: ', '60')
('Serial Port: ', 'Please enter next pan and tilt angles45 degs\r\n')
('writing theta angle: ', '135')
('Serial Port: ', 'now enter tilt angle\r\n')
('writing phi angle: ', '45')
('Serial Port: ', '45 degs\r\n')
The current state:
()
Views have been processed 8 times.
('writing theta angle: ', '45')
('Serial Port: ', 'Please enter next pan and tilt angles90 degs\r\n')
('writing phi angle: ', '45')
('Serial Port: ', 'now enter tilt angle\r\n')
('writing theta angle: ', '90')
('Serial Port: ', '60 degs\r\n')
('writing phi angle: ', '60')
('Serial Port: ', 'Please enter next pan and tilt angles135 degs\r\n')
('writing theta angle: ', '135')
('Serial Port: ', 'now enter tilt angle\r\n')
('writing phi angle: ', '45')
('Serial Port: ', '45 degs\r\n')
The current state:
()
Views have been processed 9 times.
('writing theta angle: ', '45')
('Serial Port: ', 'Please enter next pan and tilt angles45 degs\r\n')
('writing phi angle: ', '45')
('Serial Port: ', 'now enter tilt angle\r\n')
('writing theta angle: ', '90')
('Serial Port: ', '45 degs\r\n')
('writing phi angle: ', '60')
('Serial Port: ', 'Please enter next pan and tilt angles90 degs\r\n')
('writing theta angle: ', '135')
('Serial Port: ', 'now enter tilt angle\r\n')
('writing phi angle: ', '45')
('Serial Port: ', '60 degs\r\n')
The current state:
()
Views have been processed 10 times.
('writing theta angle: ', '45')
('Serial Port: ', 'Please enter next pan and tilt angles135 degs\r\n')
('writing phi angle: ', '45')
('Serial Port: ', 'now enter tilt angle\r\n')
('writing theta angle: ', '90')
('Serial Port: ', '45 degs\r\n')
('writing phi angle: ', '60')
('Serial Port: ', 'Please enter next pan and tilt angles45 degs\r\n')
('writing theta angle: ', '135')
('Serial Port: ', 'now enter tilt angle\r\n')
('writing phi angle: ', '45')
('Serial Port: ', '45 degs\r\n')
The current state:
()
Views have been processed 11 times.
('writing theta angle: ', '45')
('Serial Port: ', 'Please enter next pan and tilt angles90 degs\r\n')
('writing phi angle: ', '45')
('Serial Port: ', 'now enter tilt angle\r\n')
('writing theta angle: ', '90')
('Serial Port: ', '60 degs\r\n')
('writing phi angle: ', '60')
('Serial Port: ', 'Please enter next pan and tilt angles135 degs\r\n')
('writing theta angle: ', '135')
('Serial Port: ', 'now enter tilt angle\r\n')
('writing phi angle: ', '45')
('Serial Port: ', '45 degs\r\n')
The current state:
()
Views have been processed 12 times.
('writing theta angle: ', '45')
('Serial Port: ', 'Please enter next pan and tilt angles45 degs\r\n')
('writing phi angle: ', '45')
('Serial Port: ', 'now enter tilt angle\r\n')
('writing theta angle: ', '90')
('Serial Port: ', '45 degs\r\n')
('writing phi angle: ', '60')
('Serial Port: ', 'Please enter next pan and tilt angles90 degs\r\n')
('writing theta angle: ', '135')
('Serial Port: ', 'now enter tilt angle\r\n')
('writing phi angle: ', '45')
('Serial Port: ', '60 degs\r\n')
The current state:
()
Views have been processed 13 times.
('writing theta angle: ', '45')
('Serial Port: ', 'Please enter next pan and tilt angles135 degs\r\n')
('writing phi angle: ', '45')
('Serial Port: ', 'now enter tilt angle\r\n')
('writing theta angle: ', '90')
('Serial Port: ', '45 degs\r\n')
('writing phi angle: ', '60')
('Serial Port: ', 'Please enter next pan and tilt angles45 degs\r\n')
('writing theta angle: ', '135')
('Serial Port: ', 'now enter tilt angle\r\n')
('writing phi angle: ', '45')
('Serial Port: ', '45 degs\r\n')
The current state:
()
Views have been processed 14 times.
('writing theta angle: ', '45')
('Serial Port: ', 'Please enter next pan and tilt angles90 degs\r\n')
('writing phi angle: ', '45')
('Serial Port: ', 'now enter tilt angle\r\n')
('writing theta angle: ', '90')
('Serial Port: ', '60 degs\r\n')
('writing phi angle: ', '60')
('Serial Port: ', 'Please enter next pan and tilt angles135 degs\r\n')
('writing theta angle: ', '135')
('Serial Port: ', 'now enter tilt angle\r\n')
('writing phi angle: ', '45')
('Serial Port: ', '45 degs\r\n')
The current state:
()
Views have been processed 15 times.
('writing theta angle: ', '45')
('Serial Port: ', 'Please enter next pan and tilt angles45 degs\r\n')
('writing phi angle: ', '45')
('Serial Port: ', 'now enter tilt angle\r\n')
('writing theta angle: ', '90')
('Serial Port: ', '45 degs\r\n')
('writing phi angle: ', '60')
('Serial Port: ', 'Please enter next pan and tilt angles90 degs\r\n')
('writing theta angle: ', '135')
('Serial Port: ', 'now enter tilt angle\r\n')
('writing phi angle: ', '45')
('Serial Port: ', '60 degs\r\n')
The current state:
()
Views have been processed 16 times.
('writing theta angle: ', '45')
('Serial Port: ', 'Please enter next pan and tilt angles135 degs\r\n')
('writing phi angle: ', '45')
('Serial Port: ', 'now enter tilt angle\r\n')
('writing theta angle: ', '90')
('Serial Port: ', '45 degs\r\n')
('writing phi angle: ', '60')
('Serial Port: ', 'Please enter next pan and tilt angles45 degs\r\n')
('writing theta angle: ', '135')
('Serial Port: ', 'now enter tilt angle\r\n')
('writing phi angle: ', '45')
('Serial Port: ', '45 degs\r\n')
The current state:
()
Views have been processed 17 times.
('writing theta angle: ', '45')
('Serial Port: ', 'Please enter next pan and tilt angles90 degs\r\n')
('writing phi angle: ', '45')
('Serial Port: ', 'now enter tilt angle\r\n')
('writing theta angle: ', '90')
('Serial Port: ', '60 degs\r\n')
('writing phi angle: ', '60')
('Serial Port: ', 'Please enter next pan and tilt angles135 degs\r\n')
('writing theta angle: ', '135')
('Serial Port: ', 'now enter tilt angle\r\n')
('writing phi angle: ', '45')
('Serial Port: ', '45 degs\r\n')
The current state:
()
Views have been processed 18 times.
('writing theta angle: ', '45')
('Serial Port: ', 'Please enter next pan and tilt angles45 degs\r\n')
('writing phi angle: ', '45')
('Serial Port: ', 'now enter tilt angle\r\n')
('writing theta angle: ', '90')
('Serial Port: ', '45 degs\r\n')
('writing phi angle: ', '60')
('Serial Port: ', 'Please enter next pan and tilt angles90 degs\r\n')
('writing theta angle: ', '135')
('Serial Port: ', 'now enter tilt angle\r\n')
('writing phi angle: ', '45')
('Serial Port: ', '60 degs\r\n')
The current state:
()
Views have been processed 19 times.
('writing theta angle: ', '45')
('Serial Port: ', 'Please enter next pan and tilt angles135 degs\r\n')
('writing phi angle: ', '45')
('Serial Port: ', 'now enter tilt angle\r\n')
('writing theta angle: ', '90')
('Serial Port: ', '45 degs\r\n')
('writing phi angle: ', '60')
('Serial Port: ', 'Please enter next pan and tilt angles45 degs\r\n')
('writing theta angle: ', '135')
('Serial Port: ', 'now enter tilt angle\r\n')
('writing phi angle: ', '45')
('Serial Port: ', '45 degs\r\n')
The current state:
()
Views have been processed 20 times.
('writing theta angle: ', '45')
('Serial Port: ', 'Please enter next pan and tilt angles90 degs\r\n')
('writing phi angle: ', '45')
('Serial Port: ', 'now enter tilt angle\r\n')
('writing theta angle: ', '90')
('Serial Port: ', '60 degs\r\n')
('writing phi angle: ', '60')
('Serial Port: ', 'Please enter next pan and tilt angles135 degs\r\n')
('writing theta angle: ', '135')
('Serial Port: ', 'now enter tilt angle\r\n')
('writing phi angle: ', '45')
('Serial Port: ', '45 degs\r\n')
The current state:
()
Views have been processed 21 times.
('writing theta angle: ', '45')
('Serial Port: ', 'Please enter next pan and tilt angles45 degs\r\n')
('writing phi angle: ', '45')
('Serial Port: ', 'now enter tilt angle\r\n')
('writing theta angle: ', '90')
('Serial Port: ', '45 degs\r\n')
('writing phi angle: ', '60')
('Serial Port: ', 'Please enter next pan and tilt angles90 degs\r\n')
('writing theta angle: ', '135')
('Serial Port: ', 'now enter tilt angle\r\n')
('writing phi angle: ', '45')
('Serial Port: ', '60 degs\r\n')
The current state:
()
Views have been processed 22 times.
('writing theta angle: ', '45')
('Serial Port: ', 'Please enter next pan and tilt angles135 degs\r\n')
('writing phi angle: ', '45')
('Serial Port: ', 'now enter tilt angle\r\n')
('writing theta angle: ', '90')
('Serial Port: ', '45 degs\r\n')
('writing phi angle: ', '60')
('Serial Port: ', 'Please enter next pan and tilt angles45 degs\r\n')
('writing theta angle: ', '135')
('Serial Port: ', 'now enter tilt angle\r\n')
('writing phi angle: ', '45')
('Serial Port: ', '45 degs\r\n')
The current state:
()
Views have been processed 23 times.
('writing theta angle: ', '45')
('Serial Port: ', 'Please enter next pan and tilt angles90 degs\r\n')
('writing phi angle: ', '45')
('Serial Port: ', 'now enter tilt angle\r\n')
('writing theta angle: ', '90')
('Serial Port: ', '60 degs\r\n')
('writing phi angle: ', '60')
('Serial Port: ', 'Please enter next pan and tilt angles135 degs\r\n')
('writing theta angle: ', '135')
('Serial Port: ', 'now enter tilt angle\r\n')
('writing phi angle: ', '45')
('Serial Port: ', '45 degs\r\n')
The current state:
()
Views have been processed 24 times.
('writing theta angle: ', '45')
('Serial Port: ', 'Please enter next pan and tilt angles45 degs\r\n')
('writing phi angle: ', '45')
('Serial Port: ', 'now enter tilt angle\r\n')
('writing theta angle: ', '90')
('Serial Port: ', '45 degs\r\n')
('writing phi angle: ', '60')
('Serial Port: ', 'Please enter next pan and tilt angles90 degs\r\n')
('writing theta angle: ', '135')
('Serial Port: ', 'now enter tilt angle\r\n')
('writing phi angle: ', '45')
('Serial Port: ', '60 degs\r\n')
The current state:
()
Views have been processed 25 times.
('writing theta angle: ', '45')
('Serial Port: ', 'Please enter next pan and tilt angles135 degs\r\n')
('writing phi angle: ', '45')
('Serial Port: ', 'now enter tilt angle\r\n')
('writing theta angle: ', '90')
('Serial Port: ', '45 degs\r\n')
('writing phi angle: ', '60')
('Serial Port: ', 'Please enter next pan and tilt angles45 degs\r\n')
('writing theta angle: ', '135')
('Serial Port: ', 'now enter tilt angle\r\n')
('writing phi angle: ', '45')
('Serial Port: ', '45 degs\r\n')
The current state:
()
Views have been processed 26 times.
('writing theta angle: ', '45')
('Serial Port: ', 'Please enter next pan and tilt angles90 degs\r\n')
('writing phi angle: ', '45')
('Serial Port: ', 'now enter tilt angle\r\n')
('writing theta angle: ', '90')
('Serial Port: ', '60 degs\r\n')
('writing phi angle: ', '60')
('Serial Port: ', 'Please enter next pan and tilt angles135 degs\r\n')
('writing theta angle: ', '135')
('Serial Port: ', 'now enter tilt angle\r\n')
('writing phi angle: ', '45')
('Serial Port: ', '45 degs\r\n')
The current state:
()
Views have been processed 27 times.
('writing theta angle: ', '45')
('Serial Port: ', 'Please enter next pan and tilt angles45 degs\r\n')
('writing phi angle: ', '45')
('Serial Port: ', 'now enter tilt angle\r\n')
('writing theta angle: ', '90')
('Serial Port: ', '45 degs\r\n')
('writing phi angle: ', '60')
('Serial Port: ', 'Please enter next pan and tilt angles90 degs\r\n')
('writing theta angle: ', '135')
('Serial Port: ', 'now enter tilt angle\r\n')
('writing phi angle: ', '45')
('Serial Port: ', '60 degs\r\n')
The current state:
()
Views have been processed 28 times.
('writing theta angle: ', '45')
('Serial Port: ', 'Please enter next pan and tilt angles135 degs\r\n')
('writing phi angle: ', '45')
('Serial Port: ', 'now enter tilt angle\r\n')
('writing theta angle: ', '90')
('Serial Port: ', '45 degs\r\n')
('writing phi angle: ', '60')
('Serial Port: ', 'Please enter next pan and tilt angles45 degs\r\n')
('writing theta angle: ', '135')
('Serial Port: ', 'now enter tilt angle\r\n')
('writing phi angle: ', '45')
('Serial Port: ', '45 degs\r\n')
The current state:
()
Views have been processed 29 times.
('writing theta angle: ', '45')
('Serial Port: ', 'Please enter next pan and tilt angles90 degs\r\n')
('writing phi angle: ', '45')
('Serial Port: ', 'now enter tilt angle\r\n')
('writing theta angle: ', '90')
('Serial Port: ', '60 degs\r\n')
('writing phi angle: ', '60')
('Serial Port: ', 'Please enter next pan and tilt angles135 degs\r\n')
('writing theta angle: ', '135')
('Serial Port: ', 'now enter tilt angle\r\n')
('writing phi angle: ', '45')
('Serial Port: ', '45 degs\r\n')
The current state:
()
Views have been processed 30 times.
('writing theta angle: ', '45')
('Serial Port: ', 'Please enter next pan and tilt angles45 degs\r\n')
('writing phi angle: ', '45')
('Serial Port: ', 'now enter tilt angle\r\n')
('writing theta angle: ', '90')
('Serial Port: ', '45 degs\r\n')
('writing phi angle: ', '60')
('Serial Port: ', 'Please enter next pan and tilt angles90 degs\r\n')
('writing theta angle: ', '135')
('Serial Port: ', 'now enter tilt angle\r\n')
('writing phi angle: ', '45')
('Serial Port: ', '60 degs\r\n')
The current state:
()
Views have been processed 31 times.
('writing theta angle: ', '45')
('Serial Port: ', 'Please enter next pan and tilt angles135 degs\r\n')
('writing phi angle: ', '45')
('Serial Port: ', 'now enter tilt angle\r\n')
('writing theta angle: ', '90')
('Serial Port: ', '45 degs\r\n')
('writing phi angle: ', '60')
('Serial Port: ', 'Please enter next pan and tilt angles45 degs\r\n')
('writing theta angle: ', '135')
('Serial Port: ', 'now enter tilt angle\r\n')
('writing phi angle: ', '45')
('Serial Port: ', '45 degs\r\n')
The current state:
()
Views have been processed 32 times.
('writing theta angle: ', '45')
('Serial Port: ', 'Please enter next pan and tilt angles90 degs\r\n')
('writing phi angle: ', '45')
('Serial Port: ', 'now enter tilt angle\r\n')
('writing theta angle: ', '90')
('Serial Port: ', '60 degs\r\n')
('writing phi angle: ', '60')
('Serial Port: ', 'Please enter next pan and tilt angles135 degs\r\n')
('writing theta angle: ', '135')
('Serial Port: ', 'now enter tilt angle\r\n')
('writing phi angle: ', '45')
('Serial Port: ', '45 degs\r\n')
The current state:
()
Views have been processed 33 times.
('writing theta angle: ', '45')
('Serial Port: ', 'Please enter next pan and tilt angles45 degs\r\n')
('writing phi angle: ', '45')
('Serial Port: ', 'now enter tilt angle\r\n')
('writing theta angle: ', '90')
('Serial Port: ', '45 degs\r\n')
('writing phi angle: ', '60')
('Serial Port: ', 'Please enter next pan and tilt angles90 degs\r\n')
('writing theta angle: ', '135')
('Serial Port: ', 'now enter tilt angle\r\n')
('writing phi angle: ', '45')
('Serial Port: ', '60 degs\r\n')
The current state:
()
Views have been processed 34 times.
('writing theta angle: ', '45')
('Serial Port: ', 'Please enter next pan and tilt angles135 degs\r\n')
('writing phi angle: ', '45')
('Serial Port: ', 'now enter tilt angle\r\n')
('writing theta angle: ', '90')
('Serial Port: ', '45 degs\r\n')
('writing phi angle: ', '60')
('Serial Port: ', 'Please enter next pan and tilt angles45 degs\r\n')
('writing theta angle: ', '135')
('Serial Port: ', 'now enter tilt angle\r\n')
('writing phi angle: ', '45')
('Serial Port: ', '45 degs\r\n')
The current state:
()
Views have been processed 35 times.
('writing theta angle: ', '45')
('Serial Port: ', 'Please enter next pan and tilt angles90 degs\r\n')
('writing phi angle: ', '45')
('Serial Port: ', 'now enter tilt angle\r\n')
('writing theta angle: ', '90')
('Serial Port: ', '60 degs\r\n')
('writing phi angle: ', '60')
('Serial Port: ', 'Please enter next pan and tilt angles135 degs\r\n')
('writing theta angle: ', '135')
('Serial Port: ', 'now enter tilt angle\r\n')
('writing phi angle: ', '45')
('Serial Port: ', '45 degs\r\n')
The current state:
()
Views have been processed 36 times.
('writing theta angle: ', '45')
('Serial Port: ', 'Please enter next pan and tilt angles45 degs\r\n')
('writing phi angle: ', '45')
('Serial Port: ', 'now enter tilt angle\r\n')
('writing theta angle: ', '90')
('Serial Port: ', '45 degs\r\n')
('writing phi angle: ', '60')
('Serial Port: ', 'Please enter next pan and tilt angles90 degs\r\n')
('writing theta angle: ', '135')
('Serial Port: ', 'now enter tilt angle\r\n')
('writing phi angle: ', '45')
('Serial Port: ', '60 degs\r\n')
The current state:
()
Views have been processed 37 times.
('writing theta angle: ', '45')
('Serial Port: ', 'Please enter next pan and tilt angles135 degs\r\n')
('writing phi angle: ', '45')
('Serial Port: ', 'now enter tilt angle\r\n')
('writing theta angle: ', '90')
('Serial Port: ', '45 degs\r\n')
('writing phi angle: ', '60')
('Serial Port: ', 'Please enter next pan and tilt angles45 degs\r\n')
('writing theta angle: ', '135')
('Serial Port: ', 'now enter tilt angle\r\n')
('writing phi angle: ', '45')
('Serial Port: ', '45 degs\r\n')
The current state:
()
Views have been processed 38 times.
('writing theta angle: ', '45')
('Serial Port: ', 'Please enter next pan and tilt angles90 degs\r\n')
('writing phi angle: ', '45')
('Serial Port: ', 'now enter tilt angle\r\n')
('writing theta angle: ', '90')
('Serial Port: ', '60 degs\r\n')
('writing phi angle: ', '60')
('Serial Port: ', 'Please enter next pan and tilt angles135 degs\r\n')
('writing theta angle: ', '135')
('Serial Port: ', 'now enter tilt angle\r\n')
('writing phi angle: ', '45')
('Serial Port: ', '45 degs\r\n')
The current state:
()
Views have been processed 39 times.
('writing theta angle: ', '45')
('Serial Port: ', 'Please enter next pan and tilt angles45 degs\r\n')
('writing phi angle: ', '45')
('Serial Port: ', 'now enter tilt angle\r\n')
('writing theta angle: ', '90')
('Serial Port: ', '45 degs\r\n')
('writing phi angle: ', '60')
('Serial Port: ', 'Please enter next pan and tilt angles90 degs\r\n')
('writing theta angle: ', '135')
('Serial Port: ', 'now enter tilt angle\r\n')
('writing phi angle: ', '45')
('Serial Port: ', '60 degs\r\n')
The current state:
()
Views have been processed 40 times.
('writing theta angle: ', '45')
('Serial Port: ', 'Please enter next pan and tilt angles135 degs\r\n')
('writing phi angle: ', '45')
('Serial Port: ', 'now enter tilt angle\r\n')
('writing theta angle: ', '90')
('Serial Port: ', '45 degs\r\n')
('writing phi angle: ', '60')
('Serial Port: ', 'Please enter next pan and tilt angles45 degs\r\n')
('writing theta angle: ', '135')
('Serial Port: ', 'now enter tilt angle\r\n')
('writing phi angle: ', '45')
('Serial Port: ', '45 degs\r\n')
The current state:
()
Views have been processed 41 times.
('writing theta angle: ', '45')
('Serial Port: ', 'Please enter next pan and tilt angles90 degs\r\n')
('writing phi angle: ', '45')
('Serial Port: ', 'now enter tilt angle\r\n')
('writing theta angle: ', '90')
('Serial Port: ', '60 degs\r\n')
('writing phi angle: ', '60')
('Serial Port: ', 'Please enter next pan and tilt angles135 degs\r\n')
('writing theta angle: ', '135')
('Serial Port: ', 'now enter tilt angle\r\n')
('writing phi angle: ', '45')
('Serial Port: ', '45 degs\r\n')
The current state:
()
Views have been processed 42 times.
('writing theta angle: ', '45')
('Serial Port: ', 'Please enter next pan and tilt angles45 degs\r\n')
('writing phi angle: ', '45')
('Serial Port: ', 'now enter tilt angle\r\n')
('writing theta angle: ', '90')
('Serial Port: ', '45 degs\r\n')
('writing phi angle: ', '60')
('Serial Port: ', 'Please enter next pan and tilt angles90 degs\r\n')
('writing theta angle: ', '135')
('Serial Port: ', 'now enter tilt angle\r\n')
('writing phi angle: ', '45')
('Serial Port: ', '60 degs\r\n')
The current state:
()
Views have been processed 43 times.
('writing theta angle: ', '45')
('Serial Port: ', 'Please enter next pan and tilt angles135 degs\r\n')
('writing phi angle: ', '45')
('Serial Port: ', 'now enter tilt angle\r\n')
('writing theta angle: ', '90')
('Serial Port: ', '45 degs\r\n')
('writing phi angle: ', '60')
('Serial Port: ', 'Please enter next pan and tilt angles45 degs\r\n')
('writing theta angle: ', '135')
('Serial Port: ', 'now enter tilt angle\r\n')
('writing phi angle: ', '45')
('Serial Port: ', '45 degs\r\n')
The current state:
()
Views have been processed 44 times.
('writing theta angle: ', '45')
('Serial Port: ', 'Please enter next pan and tilt angles90 degs\r\n')
('writing phi angle: ', '45')
('Serial Port: ', 'now enter tilt angle\r\n')
('writing theta angle: ', '90')
('Serial Port: ', '60 degs\r\n')
('writing phi angle: ', '60')
('Serial Port: ', 'Please enter next pan and tilt angles135 degs\r\n')
('writing theta angle: ', '135')
('Serial Port: ', 'now enter tilt angle\r\n')
('writing phi angle: ', '45')
('Serial Port: ', '45 degs\r\n')
The current state:
()
Views have been processed 45 times.
('writing theta angle: ', '45')
('Serial Port: ', 'Please enter next pan and tilt angles45 degs\r\n')
('writing phi angle: ', '45')
('Serial Port: ', 'now enter tilt angle\r\n')
('writing theta angle: ', '90')
('Serial Port: ', '45 degs\r\n')
('writing phi angle: ', '60')
('Serial Port: ', 'Please enter next pan and tilt angles90 degs\r\n')
('writing theta angle: ', '135')
('Serial Port: ', 'now enter tilt angle\r\n')
('writing phi angle: ', '45')
('Serial Port: ', '60 degs\r\n')
The current state:
()
Views have been processed 46 times.
('writing theta angle: ', '45')
('Serial Port: ', 'Please enter next pan and tilt angles135 degs\r\n')
('writing phi angle: ', '45')
('Serial Port: ', 'now enter tilt angle\r\n')
('writing theta angle: ', '90')
('Serial Port: ', '45 degs\r\n')
('writing phi angle: ', '60')
('Serial Port: ', 'Please enter next pan and tilt angles45 degs\r\n')
('writing theta angle: ', '135')
('Serial Port: ', 'now enter tilt angle\r\n')
('writing phi angle: ', '45')
('Serial Port: ', '45 degs\r\n')
The current state:
()
Views have been processed 47 times.
('writing theta angle: ', '45')
('Serial Port: ', 'Please enter next pan and tilt angles90 degs\r\n')
('writing phi angle: ', '45')
('Serial Port: ', 'now enter tilt angle\r\n')
('writing theta angle: ', '90')
('Serial Port: ', '60 degs\r\n')
('writing phi angle: ', '60')
('Serial Port: ', 'Please enter next pan and tilt angles135 degs\r\n')
('writing theta angle: ', '135')
('Serial Port: ', 'now enter tilt angle\r\n')
('writing phi angle: ', '45')
('Serial Port: ', '45 degs\r\n')
The current state:
()
Views have been processed 48 times.
('writing theta angle: ', '45')
('Serial Port: ', 'Please enter next pan and tilt angles45 degs\r\n')
('writing phi angle: ', '45')
('Serial Port: ', 'now enter tilt angle\r\n')
('writing theta angle: ', '90')
('Serial Port: ', '45 degs\r\n')
('writing phi angle: ', '60')
('Serial Port: ', 'Please enter next pan and tilt angles90 degs\r\n')
('writing theta angle: ', '135')
('Serial Port: ', 'now enter tilt angle\r\n')
('writing phi angle: ', '45')
('Serial Port: ', '60 degs\r\n')
The current state:
()
Views have been processed 49 times.
('writing theta angle: ', '45')
('Serial Port: ', 'Please enter next pan and tilt angles135 degs\r\n')
('writing phi angle: ', '45')
('Serial Port: ', 'now enter tilt angle\r\n')
('writing theta angle: ', '90')
('Serial Port: ', '45 degs\r\n')
('writing phi angle: ', '60')
('Serial Port: ', 'Please enter next pan and tilt angles45 degs\r\n')
('writing theta angle: ', '135')
('Serial Port: ', 'now enter tilt angle\r\n')
('writing phi angle: ', '45')
('Serial Port: ', '45 degs\r\n')
The current state:
()
Views have been processed 50 times.
('writing theta angle: ', '45')
('Serial Port: ', 'Please enter next pan and tilt angles90 degs\r\n')
('writing phi angle: ', '45')
('Serial Port: ', 'now enter tilt angle\r\n')
('writing theta angle: ', '90')
('Serial Port: ', '60 degs\r\n')
('writing phi angle: ', '60')
('Serial Port: ', 'Please enter next pan and tilt angles135 degs\r\n')
('writing theta angle: ', '135')
('Serial Port: ', 'now enter tilt angle\r\n')
('writing phi angle: ', '45')
('Serial Port: ', '45 degs\r\n')
The current state:
()
Views have been processed 51 times.
('writing theta angle: ', '45')
('Serial Port: ', 'Please enter next pan and tilt angles45 degs\r\n')
('writing phi angle: ', '45')
('Serial Port: ', 'now enter tilt angle\r\n')
('writing theta angle: ', '90')
('Serial Port: ', '45 degs\r\n')
('writing phi angle: ', '60')
('Serial Port: ', 'Please enter next pan and tilt angles90 degs\r\n')
('writing theta angle: ', '135')
('Serial Port: ', 'now enter tilt angle\r\n')
('writing phi angle: ', '45')
('Serial Port: ', '60 degs\r\n')
The current state:
()
Views have been processed 52 times.
('writing theta angle: ', '45')
('Serial Port: ', 'Please enter next pan and tilt angles135 degs\r\n')
('writing phi angle: ', '45')
('Serial Port: ', 'now enter tilt angle\r\n')
('writing theta angle: ', '90')
('Serial Port: ', '45 degs\r\n')
('writing phi angle: ', '60')
('Serial Port: ', 'Please enter next pan and tilt angles45 degs\r\n')
('writing theta angle: ', '135')
('Serial Port: ', 'now enter tilt angle\r\n')
('writing phi angle: ', '45')
('Serial Port: ', '45 degs\r\n')
The current state:
()
Views have been processed 53 times.
('writing theta angle: ', '45')
('Serial Port: ', 'Please enter next pan and tilt angles90 degs\r\n')
('writing phi angle: ', '45')
('Serial Port: ', 'now enter tilt angle\r\n')
('writing theta angle: ', '90')
Traceback (most recent call last):
  File "main.py", line 63, in <module>
    main()
  File "main.py", line 48, in main
    camera.move(img_pos[0], img_pos[1])
  File "/home/pi/dev/src/camera.py", line 48, in move
    self.servo.write(theta)
  File "/home/pi/dev/src/ServoSerial.py", line 20, in write
    sleep(3)
KeyboardInterrupt
